{"D:\\Coding\\Interview\\cilsy\\weather-app\\api-services\\src\\index.ts": {"path":"D:\\Coding\\Interview\\cilsy\\weather-app\\api-services\\src\\index.ts","statementMap":{"0":{"start":{"line":8,"column":0},"end":{"line":8,"column":54}},"1":{"start":{"line":9,"column":0},"end":{"line":9,"column":36}},"2":{"start":{"line":11,"column":0},"end":{"line":11,"column":14}},"3":{"start":{"line":14,"column":0},"end":{"line":18,"column":3}},"4":{"start":{"line":15,"column":4},"end":{"line":15,"column":66}},"5":{"start":{"line":16,"column":4},"end":{"line":16,"column":29}},"6":{"start":{"line":17,"column":4},"end":{"line":17,"column":20}}},"fnMap":{"0":{"name":"(anonymous_10)","decl":{"start":{"line":14,"column":21},"end":{"line":14,"column":26}},"loc":{"start":{"line":14,"column":32},"end":{"line":18,"column":1}}}},"branchMap":{},"s":{"0":0,"1":0,"2":0,"3":0,"4":0,"5":0,"6":0},"f":{"0":0},"b":{}}
,"D:\\Coding\\Interview\\cilsy\\weather-app\\api-services\\src\\controllers\\weather.controller.ts": {"path":"D:\\Coding\\Interview\\cilsy\\weather-app\\api-services\\src\\controllers\\weather.controller.ts","statementMap":{"0":{"start":{"line":9,"column":0},"end":{"line":9,"column":61}},"1":{"start":{"line":10,"column":0},"end":{"line":10,"column":39}},"2":{"start":{"line":16,"column":8},"end":{"line":16,"column":45}},"3":{"start":{"line":20,"column":38},"end":{"line":20,"column":47}},"4":{"start":{"line":22,"column":8},"end":{"line":25,"column":9}},"5":{"start":{"line":23,"column":12},"end":{"line":23,"column":101}},"6":{"start":{"line":24,"column":12},"end":{"line":24,"column":19}},"7":{"start":{"line":27,"column":29},"end":{"line":27,"column":47}},"8":{"start":{"line":29,"column":8},"end":{"line":40,"column":9}},"9":{"start":{"line":30,"column":32},"end":{"line":30,"column":106}},"10":{"start":{"line":32,"column":12},"end":{"line":36,"column":13}},"11":{"start":{"line":33,"column":16},"end":{"line":33,"column":75}},"12":{"start":{"line":35,"column":16},"end":{"line":35,"column":118}},"13":{"start":{"line":38,"column":12},"end":{"line":38,"column":82}},"14":{"start":{"line":39,"column":12},"end":{"line":39,"column":24}},"15":{"start":{"line":12,"column":0},"end":{"line":12,"column":13}}},"fnMap":{"0":{"name":"(anonymous_1)","decl":{"start":{"line":15,"column":4},"end":{"line":15,"column":16}},"loc":{"start":{"line":15,"column":69},"end":{"line":17,"column":5}}},"1":{"name":"(anonymous_2)","decl":{"start":{"line":19,"column":4},"end":{"line":19,"column":9}},"loc":{"start":{"line":19,"column":78},"end":{"line":41,"column":5}}}},"branchMap":{"0":{"loc":{"start":{"line":15,"column":16},"end":{"line":15,"column":69}},"type":"default-arg","locations":[{"start":{"line":15,"column":49},"end":{"line":15,"column":69}}]},"1":{"loc":{"start":{"line":22,"column":8},"end":{"line":25,"column":9}},"type":"if","locations":[{"start":{"line":22,"column":8},"end":{"line":25,"column":9}},{"start":{},"end":{}}]},"2":{"loc":{"start":{"line":22,"column":12},"end":{"line":22,"column":53}},"type":"binary-expr","locations":[{"start":{"line":22,"column":12},"end":{"line":22,"column":21}},{"start":{"line":22,"column":25},"end":{"line":22,"column":53}}]},"3":{"loc":{"start":{"line":32,"column":12},"end":{"line":36,"column":13}},"type":"if","locations":[{"start":{"line":32,"column":12},"end":{"line":36,"column":13}},{"start":{"line":34,"column":19},"end":{"line":36,"column":13}}]}},"s":{"0":1,"1":1,"2":1,"3":4,"4":4,"5":1,"6":1,"7":3,"8":3,"9":3,"10":2,"11":2,"12":0,"13":1,"14":1,"15":1},"f":{"0":1,"1":4},"b":{"0":[0],"1":[1,3],"2":[4,3],"3":[2,0]}}
,"D:\\Coding\\Interview\\cilsy\\weather-app\\api-services\\src\\models\\weather.model.ts": {"path":"D:\\Coding\\Interview\\cilsy\\weather-app\\api-services\\src\\models\\weather.model.ts","statementMap":{"0":{"start":{"line":8,"column":0},"end":{"line":8,"column":51}},"1":{"start":{"line":11,"column":30},"end":{"line":18,"column":2}},"2":{"start":{"line":20,"column":13},"end":{"line":20,"column":112}}},"fnMap":{},"branchMap":{},"s":{"0":2,"1":2,"2":2},"f":{},"b":{}}
,"D:\\Coding\\Interview\\cilsy\\weather-app\\api-services\\src\\repositories\\cache.repository.ts": {"path":"D:\\Coding\\Interview\\cilsy\\weather-app\\api-services\\src\\repositories\\cache.repository.ts","statementMap":{"0":{"start":{"line":9,"column":0},"end":{"line":9,"column":51}},"1":{"start":{"line":10,"column":0},"end":{"line":10,"column":39}},"2":{"start":{"line":13,"column":26},"end":{"line":13,"column":29}},"3":{"start":{"line":19,"column":8},"end":{"line":19,"column":44}},"4":{"start":{"line":23,"column":8},"end":{"line":29,"column":9}},"5":{"start":{"line":24,"column":25},"end":{"line":24,"column":56}},"6":{"start":{"line":25,"column":12},"end":{"line":25,"column":50}},"7":{"start":{"line":27,"column":12},"end":{"line":27,"column":81}},"8":{"start":{"line":28,"column":12},"end":{"line":28,"column":24}},"9":{"start":{"line":33,"column":8},"end":{"line":40,"column":9}},"10":{"start":{"line":34,"column":12},"end":{"line":36,"column":15}},"11":{"start":{"line":38,"column":12},"end":{"line":38,"column":79}},"12":{"start":{"line":39,"column":12},"end":{"line":39,"column":null}},"13":{"start":{"line":44,"column":8},"end":{"line":50,"column":9}},"14":{"start":{"line":45,"column":12},"end":{"line":45,"column":44}},"15":{"start":{"line":46,"column":12},"end":{"line":46,"column":62}},"16":{"start":{"line":48,"column":12},"end":{"line":48,"column":76}},"17":{"start":{"line":49,"column":12},"end":{"line":49,"column":null}},"18":{"start":{"line":15,"column":0},"end":{"line":15,"column":13}}},"fnMap":{"0":{"name":"(anonymous_1)","decl":{"start":{"line":18,"column":4},"end":{"line":18,"column":null}},"loc":{"start":{"line":18,"column":4},"end":{"line":20,"column":5}}},"1":{"name":"(anonymous_2)","decl":{"start":{"line":22,"column":4},"end":{"line":22,"column":9}},"loc":{"start":{"line":22,"column":28},"end":{"line":30,"column":5}}},"2":{"name":"(anonymous_3)","decl":{"start":{"line":32,"column":4},"end":{"line":32,"column":9}},"loc":{"start":{"line":32,"column":79},"end":{"line":41,"column":5}}},"3":{"name":"(anonymous_4)","decl":{"start":{"line":43,"column":4},"end":{"line":43,"column":9}},"loc":{"start":{"line":43,"column":32},"end":{"line":51,"column":5}}}},"branchMap":{"0":{"loc":{"start":{"line":25,"column":19},"end":{"line":25,"column":49}},"type":"cond-expr","locations":[{"start":{"line":25,"column":26},"end":{"line":25,"column":42}},{"start":{"line":25,"column":45},"end":{"line":25,"column":49}}]},"1":{"loc":{"start":{"line":32,"column":41},"end":{"line":32,"column":79}},"type":"default-arg","locations":[{"start":{"line":32,"column":62},"end":{"line":32,"column":79}}]}},"s":{"0":3,"1":3,"2":3,"3":7,"4":3,"5":3,"6":2,"7":1,"8":1,"9":2,"10":2,"11":1,"12":1,"13":2,"14":2,"15":1,"16":1,"17":1,"18":3},"f":{"0":7,"1":3,"2":2,"3":2},"b":{"0":[1,1],"1":[0]}}
,"D:\\Coding\\Interview\\cilsy\\weather-app\\api-services\\src\\repositories\\weather.repository.ts": {"path":"D:\\Coding\\Interview\\cilsy\\weather-app\\api-services\\src\\repositories\\weather.repository.ts","statementMap":{"0":{"start":{"line":8,"column":0},"end":{"line":8,"column":55}},"1":{"start":{"line":13,"column":8},"end":{"line":13,"column":91}},"2":{"start":{"line":17,"column":31},"end":{"line":21,"column":16}},"3":{"start":{"line":22,"column":8},"end":{"line":22,"column":42}},"4":{"start":{"line":11,"column":0},"end":{"line":11,"column":13}}},"fnMap":{"0":{"name":"(anonymous_0)","decl":{"start":{"line":12,"column":4},"end":{"line":12,"column":9}},"loc":{"start":{"line":12,"column":41},"end":{"line":14,"column":5}}},"1":{"name":"(anonymous_1)","decl":{"start":{"line":16,"column":4},"end":{"line":16,"column":9}},"loc":{"start":{"line":16,"column":85},"end":{"line":23,"column":5}}}},"branchMap":{},"s":{"0":3,"1":3,"2":3,"3":2,"4":3},"f":{"0":3,"1":3},"b":{}}
,"D:\\Coding\\Interview\\cilsy\\weather-app\\api-services\\src\\services\\weather.service.ts": {"path":"D:\\Coding\\Interview\\cilsy\\weather-app\\api-services\\src\\services\\weather.service.ts","statementMap":{"0":{"start":{"line":8,"column":0},"end":{"line":8,"column":26}},"1":{"start":{"line":9,"column":0},"end":{"line":9,"column":73}},"2":{"start":{"line":10,"column":0},"end":{"line":10,"column":69}},"3":{"start":{"line":12,"column":0},"end":{"line":12,"column":37}},"4":{"start":{"line":13,"column":0},"end":{"line":13,"column":52}},"5":{"start":{"line":14,"column":0},"end":{"line":14,"column":39}},"6":{"start":{"line":24,"column":8},"end":{"line":24,"column":51}},"7":{"start":{"line":25,"column":8},"end":{"line":25,"column":47}},"8":{"start":{"line":29,"column":8},"end":{"line":54,"column":9}},"9":{"start":{"line":30,"column":29},"end":{"line":36,"column":14}},"10":{"start":{"line":38,"column":25},"end":{"line":38,"column":38}},"11":{"start":{"line":39,"column":12},"end":{"line":47,"column":14}},"12":{"start":{"line":49,"column":12},"end":{"line":49,"column":93}},"13":{"start":{"line":50,"column":12},"end":{"line":52,"column":13}},"14":{"start":{"line":51,"column":16},"end":{"line":51,"column":28}},"15":{"start":{"line":53,"column":12},"end":{"line":53,"column":82}},"16":{"start":{"line":58,"column":25},"end":{"line":58,"column":60}},"17":{"start":{"line":61,"column":8},"end":{"line":73,"column":9}},"18":{"start":{"line":62,"column":31},"end":{"line":62,"column":81}},"19":{"start":{"line":63,"column":12},"end":{"line":66,"column":13}},"20":{"start":{"line":64,"column":16},"end":{"line":64,"column":81}},"21":{"start":{"line":65,"column":16},"end":{"line":65,"column":58}},"22":{"start":{"line":69,"column":12},"end":{"line":69,"column":60}},"23":{"start":{"line":70,"column":12},"end":{"line":70,"column":80}},"24":{"start":{"line":72,"column":12},"end":{"line":72,"column":120}},"25":{"start":{"line":76,"column":23},"end":{"line":76,"column":76}},"26":{"start":{"line":77,"column":8},"end":{"line":82,"column":9}},"27":{"start":{"line":78,"column":12},"end":{"line":78,"column":92}},"28":{"start":{"line":80,"column":12},"end":{"line":80,"column":61}},"29":{"start":{"line":81,"column":12},"end":{"line":81,"column":53}},"30":{"start":{"line":85,"column":8},"end":{"line":85,"column":81}},"31":{"start":{"line":86,"column":28},"end":{"line":86,"column":76}},"32":{"start":{"line":88,"column":8},"end":{"line":96,"column":9}},"33":{"start":{"line":90,"column":12},"end":{"line":90,"column":71}},"34":{"start":{"line":91,"column":12},"end":{"line":91,"column":75}},"35":{"start":{"line":94,"column":12},"end":{"line":94,"column":66}},"36":{"start":{"line":95,"column":12},"end":{"line":95,"column":74}},"37":{"start":{"line":98,"column":8},"end":{"line":98,"column":27}},"38":{"start":{"line":16,"column":0},"end":{"line":16,"column":13}}},"fnMap":{"0":{"name":"(anonymous_1)","decl":{"start":{"line":20,"column":4},"end":{"line":20,"column":null}},"loc":{"start":{"line":22,"column":64},"end":{"line":26,"column":5}}},"1":{"name":"(anonymous_2)","decl":{"start":{"line":28,"column":12},"end":{"line":28,"column":17}},"loc":{"start":{"line":28,"column":62},"end":{"line":55,"column":5}}},"2":{"name":"(anonymous_3)","decl":{"start":{"line":57,"column":4},"end":{"line":57,"column":9}},"loc":{"start":{"line":57,"column":72},"end":{"line":99,"column":5}}}},"branchMap":{"0":{"loc":{"start":{"line":21,"column":8},"end":{"line":21,"column":70}},"type":"default-arg","locations":[{"start":{"line":21,"column":47},"end":{"line":21,"column":70}}]},"1":{"loc":{"start":{"line":22,"column":8},"end":{"line":22,"column":64}},"type":"default-arg","locations":[{"start":{"line":22,"column":43},"end":{"line":22,"column":64}}]},"2":{"loc":{"start":{"line":50,"column":12},"end":{"line":52,"column":13}},"type":"if","locations":[{"start":{"line":50,"column":12},"end":{"line":52,"column":13}},{"start":{},"end":{}}]},"3":{"loc":{"start":{"line":50,"column":16},"end":{"line":50,"column":75}},"type":"binary-expr","locations":[{"start":{"line":50,"column":16},"end":{"line":50,"column":41}},{"start":{"line":50,"column":45},"end":{"line":50,"column":75}}]},"4":{"loc":{"start":{"line":57,"column":43},"end":{"line":57,"column":72}},"type":"default-arg","locations":[{"start":{"line":57,"column":67},"end":{"line":57,"column":72}}]},"5":{"loc":{"start":{"line":61,"column":8},"end":{"line":73,"column":9}},"type":"if","locations":[{"start":{"line":61,"column":8},"end":{"line":73,"column":9}},{"start":{"line":67,"column":15},"end":{"line":73,"column":9}}]},"6":{"loc":{"start":{"line":63,"column":12},"end":{"line":66,"column":13}},"type":"if","locations":[{"start":{"line":63,"column":12},"end":{"line":66,"column":13}},{"start":{},"end":{}}]},"7":{"loc":{"start":{"line":77,"column":8},"end":{"line":82,"column":9}},"type":"if","locations":[{"start":{"line":77,"column":8},"end":{"line":82,"column":9}},{"start":{},"end":{}}]},"8":{"loc":{"start":{"line":77,"column":12},"end":{"line":77,"column":35}},"type":"binary-expr","locations":[{"start":{"line":77,"column":12},"end":{"line":77,"column":18}},{"start":{"line":77,"column":22},"end":{"line":77,"column":35}}]},"9":{"loc":{"start":{"line":88,"column":8},"end":{"line":96,"column":9}},"type":"if","locations":[{"start":{"line":88,"column":8},"end":{"line":96,"column":9}},{"start":{},"end":{}}]}},"s":{"0":2,"1":2,"2":2,"3":2,"4":2,"5":2,"6":5,"7":5,"8":3,"9":3,"10":2,"11":2,"12":1,"13":1,"14":0,"15":1,"16":4,"17":4,"18":3,"19":3,"20":1,"21":1,"22":1,"23":1,"24":1,"25":3,"26":3,"27":0,"28":0,"29":0,"30":3,"31":3,"32":2,"33":2,"34":2,"35":2,"36":2,"37":2,"38":2},"f":{"0":5,"1":3,"2":4},"b":{"0":[0],"1":[0],"2":[0,1],"3":[1,0],"4":[0],"5":[3,1],"6":[1,2],"7":[0,3],"8":[3,0],"9":[2,0]}}
,"D:\\Coding\\Interview\\cilsy\\weather-app\\api-services\\src\\utils\\error-handler.ts": {"path":"D:\\Coding\\Interview\\cilsy\\weather-app\\api-services\\src\\utils\\error-handler.ts","statementMap":{"0":{"start":{"line":9,"column":0},"end":{"line":9,"column":30}},"1":{"start":{"line":11,"column":28},"end":{"line":22,"column":1}},"2":{"start":{"line":12,"column":4},"end":{"line":12,"column":63}},"3":{"start":{"line":14,"column":23},"end":{"line":14,"column":44}},"4":{"start":{"line":15,"column":20},"end":{"line":15,"column":66}},"5":{"start":{"line":17,"column":4},"end":{"line":21,"column":7}},"6":{"start":{"line":11,"column":13},"end":{"line":11,"column":28}}},"fnMap":{"0":{"name":"(anonymous_1)","decl":{"start":{"line":11,"column":28},"end":{"line":11,"column":29}},"loc":{"start":{"line":11,"column":90},"end":{"line":22,"column":1}}}},"branchMap":{"0":{"loc":{"start":{"line":14,"column":23},"end":{"line":14,"column":44}},"type":"binary-expr","locations":[{"start":{"line":14,"column":23},"end":{"line":14,"column":37}},{"start":{"line":14,"column":41},"end":{"line":14,"column":44}}]},"1":{"loc":{"start":{"line":15,"column":20},"end":{"line":15,"column":66}},"type":"binary-expr","locations":[{"start":{"line":15,"column":20},"end":{"line":15,"column":31}},{"start":{"line":15,"column":35},"end":{"line":15,"column":66}}]}},"s":{"0":1,"1":1,"2":1,"3":1,"4":1,"5":1,"6":1},"f":{"0":1},"b":{"0":[1,1],"1":[1,0]}}
}
