TN:
SF:src\index.ts
FN:14,(anonymous_10)
FNF:1
FNH:0
FNDA:0,(anonymous_10)
DA:8,0
DA:9,0
DA:11,0
DA:14,0
DA:15,0
DA:16,0
DA:17,0
LF:7
LH:0
BRF:0
BRH:0
end_of_record
TN:
SF:src\controllers\weather.controller.ts
FN:15,(anonymous_1)
FN:19,(anonymous_2)
FNF:2
FNH:2
FNDA:1,(anonymous_1)
FNDA:4,(anonymous_2)
DA:9,1
DA:10,1
DA:12,1
DA:16,1
DA:20,4
DA:22,4
DA:23,1
DA:24,1
DA:27,3
DA:29,3
DA:30,3
DA:32,2
DA:33,2
DA:35,0
DA:38,1
DA:39,1
LF:16
LH:15
BRDA:15,0,0,0
BRDA:22,1,0,1
BRDA:22,1,1,3
BRDA:22,2,0,4
BRDA:22,2,1,3
BRDA:32,3,0,2
BRDA:32,3,1,0
BRF:7
BRH:5
end_of_record
TN:
SF:src\models\weather.model.ts
FNF:0
FNH:0
DA:8,2
DA:11,2
DA:20,2
LF:3
LH:3
BRF:0
BRH:0
end_of_record
TN:
SF:src\repositories\cache.repository.ts
FN:18,(anonymous_1)
FN:22,(anonymous_2)
FN:32,(anonymous_3)
FN:43,(anonymous_4)
FNF:4
FNH:4
FNDA:7,(anonymous_1)
FNDA:3,(anonymous_2)
FNDA:2,(anonymous_3)
FNDA:2,(anonymous_4)
DA:9,3
DA:10,3
DA:13,3
DA:15,3
DA:19,7
DA:23,3
DA:24,3
DA:25,2
DA:27,1
DA:28,1
DA:33,2
DA:34,2
DA:38,1
DA:39,1
DA:44,2
DA:45,2
DA:46,1
DA:48,1
DA:49,1
LF:19
LH:19
BRDA:25,0,0,1
BRDA:25,0,1,1
BRDA:32,1,0,0
BRF:3
BRH:2
end_of_record
TN:
SF:src\repositories\weather.repository.ts
FN:12,(anonymous_0)
FN:16,(anonymous_1)
FNF:2
FNH:2
FNDA:3,(anonymous_0)
FNDA:3,(anonymous_1)
DA:8,3
DA:11,3
DA:13,3
DA:17,3
DA:22,2
LF:5
LH:5
BRF:0
BRH:0
end_of_record
TN:
SF:src\services\weather.service.ts
FN:20,(anonymous_1)
FN:28,(anonymous_2)
FN:57,(anonymous_3)
FNF:3
FNH:3
FNDA:5,(anonymous_1)
FNDA:3,(anonymous_2)
FNDA:4,(anonymous_3)
DA:8,2
DA:9,2
DA:10,2
DA:12,2
DA:13,2
DA:14,2
DA:16,2
DA:24,5
DA:25,5
DA:29,3
DA:30,3
DA:38,2
DA:39,2
DA:49,1
DA:50,1
DA:51,0
DA:53,1
DA:58,4
DA:61,4
DA:62,3
DA:63,3
DA:64,1
DA:65,1
DA:69,1
DA:70,1
DA:72,1
DA:76,3
DA:77,3
DA:78,0
DA:80,0
DA:81,0
DA:85,3
DA:86,3
DA:88,2
DA:90,2
DA:91,2
DA:94,2
DA:95,2
DA:98,2
LF:39
LH:35
BRDA:21,0,0,0
BRDA:22,1,0,0
BRDA:50,2,0,0
BRDA:50,2,1,1
BRDA:50,3,0,1
BRDA:50,3,1,0
BRDA:57,4,0,0
BRDA:61,5,0,3
BRDA:61,5,1,1
BRDA:63,6,0,1
BRDA:63,6,1,2
BRDA:77,7,0,0
BRDA:77,7,1,3
BRDA:77,8,0,3
BRDA:77,8,1,0
BRDA:88,9,0,2
BRDA:88,9,1,0
BRF:17
BRH:9
end_of_record
TN:
SF:src\utils\error-handler.ts
FN:11,(anonymous_1)
FNF:1
FNH:1
FNDA:1,(anonymous_1)
DA:9,1
DA:11,1
DA:12,1
DA:14,1
DA:15,1
DA:17,1
LF:6
LH:6
BRDA:14,0,0,1
BRDA:14,0,1,1
BRDA:15,1,0,1
BRDA:15,1,1,0
BRF:4
BRH:3
end_of_record
